2025-03-23 17:48:49,048 [INFO] --------------------------------------------------
2025-03-23 17:48:49,048 [INFO] Starting Twitch scraper at 2025-03-23 17:48:49
2025-03-23 17:48:49,063 [INFO] Starting Twitch page scraping for 962 streamers
2025-03-23 17:48:49,063 [INFO] Found 71 already validated streamers in existing data
2025-03-23 17:48:49,063 [INFO] Processing KAICENAT (1/962)...
2025-03-23 17:48:49,063 [INFO] Skipping KAICENAT - already has validated Twitch page
2025-03-23 17:48:49,063 [INFO] Processing CAEDREL (2/962)...
2025-03-23 17:48:49,063 [INFO] Skipping CAEDREL - already has validated Twitch page
2025-03-23 17:48:49,063 [INFO] Processing ZACKRAWRR (3/962)...
2025-03-23 17:48:49,063 [INFO] Skipping ZACKRAWRR - already has validated Twitch page
2025-03-23 17:48:49,063 [INFO] Processing JYNXZI (4/962)...
2025-03-23 17:48:49,063 [INFO] Skipping JYNXZI - already has validated Twitch page
2025-03-23 17:48:49,063 [INFO] Processing HASANABI (5/962)...
2025-03-23 17:48:49,063 [INFO] Skipping HASANABI - already has validated Twitch page
2025-03-23 17:48:49,063 [INFO] Processing PLAQUEBOYMAX (6/962)...
2025-03-23 17:48:49,063 [INFO] Skipping PLAQUEBOYMAX - already has validated Twitch page
2025-03-23 17:48:49,063 [INFO] Processing CASEOH_ (7/962)...
2025-03-23 17:48:49,063 [INFO] Skipping CASEOH_ - already has validated Twitch page
2025-03-23 17:48:49,063 [INFO] Processing SUMMIT1G (8/962)...
2025-03-23 17:48:49,063 [INFO] Skipping SUMMIT1G - already has validated Twitch page
2025-03-23 17:48:49,063 [INFO] Processing MAXIMUM (9/962)...
2025-03-23 17:48:49,063 [INFO] Skipping MAXIMUM - already has validated Twitch page
2025-03-23 17:48:49,063 [INFO] Processing TIMTHETATMAN (10/962)...
2025-03-23 17:48:49,063 [INFO] Skipping TIMTHETATMAN - already has validated Twitch page
2025-03-23 17:48:49,063 [INFO] Processing LACY (11/962)...
2025-03-23 17:48:49,063 [INFO] Skipping LACY - already has validated Twitch page
2025-03-23 17:48:49,063 [INFO] Processing AMINEMATUE (12/962)...
2025-03-23 17:48:49,063 [INFO] Skipping AMINEMATUE - already has validated Twitch page
2025-03-23 17:48:49,063 [INFO] Processing PIKABOOIRL (13/962)...
2025-03-23 17:48:49,063 [INFO] Skipping PIKABOOIRL - already has validated Twitch page
2025-03-23 17:48:49,063 [INFO] Processing STABLERONALDO (14/962)...
2025-03-23 17:48:49,063 [INFO] Skipping STABLERONALDO - already has validated Twitch page
2025-03-23 17:48:49,063 [INFO] Processing XQC (15/962)...
2025-03-23 17:48:49,063 [INFO] Skipping XQC - already has validated Twitch page
2025-03-23 17:48:49,063 [INFO] Processing TARIK (16/962)...
2025-03-23 17:48:49,063 [INFO] Skipping TARIK - already has validated Twitch page
2025-03-23 17:48:49,063 [INFO] Processing OHNEPIXEL (17/962)...
2025-03-23 17:48:49,063 [INFO] Skipping OHNEPIXEL - already has validated Twitch page
2025-03-23 17:48:49,063 [INFO] Processing JASONTHEWEEN (18/962)...
2025-03-23 17:48:49,063 [INFO] Skipping JASONTHEWEEN - already has validated Twitch page
2025-03-23 17:48:49,063 [INFO] Processing YOURRAGEGAMING (19/962)...
2025-03-23 17:48:49,063 [INFO] Skipping YOURRAGEGAMING - already has validated Twitch page
2025-03-23 17:48:49,063 [INFO] Processing VALKYRAE (20/962)...
2025-03-23 17:48:49,063 [INFO] Skipping VALKYRAE - already has validated Twitch page
2025-03-23 17:48:49,063 [INFO] Processing MIZKIF (21/962)...
2025-03-23 17:48:49,063 [INFO] Skipping MIZKIF - already has validated Twitch page
2025-03-23 17:48:49,063 [INFO] Processing SHROUD (22/962)...
2025-03-23 17:48:49,063 [INFO] Skipping SHROUD - already has validated Twitch page
2025-03-23 17:48:49,063 [INFO] Processing LIRIK (23/962)...
2025-03-23 17:48:49,063 [INFO] Skipping LIRIK - already has validated Twitch page
2025-03-23 17:48:49,063 [INFO] Processing THEBAUSFFS (24/962)...
2025-03-23 17:48:49,063 [INFO] Skipping THEBAUSFFS - already has validated Twitch page
2025-03-23 17:48:49,063 [INFO] Processing GRUBBY (25/962)...
2025-03-23 17:48:49,063 [INFO] Skipping GRUBBY - already has validated Twitch page
2025-03-23 17:48:49,063 [INFO] Processing EMIRU (26/962)...
2025-03-23 17:48:49,063 [INFO] Skipping EMIRU - already has validated Twitch page
2025-03-23 17:48:49,063 [INFO] Processing GORGC (27/962)...
2025-03-23 17:48:49,063 [INFO] Skipping GORGC - already has validated Twitch page
2025-03-23 17:48:49,063 [INFO] Processing MOONMOON (28/962)...
2025-03-23 17:48:49,064 [INFO] Skipping MOONMOON - already has validated Twitch page
2025-03-23 17:48:49,064 [INFO] Processing LOLTYLER1 (29/962)...
2025-03-23 17:48:49,064 [INFO] Skipping LOLTYLER1 - already has validated Twitch page
2025-03-23 17:48:49,064 [INFO] Processing NECROS (30/962)...
2025-03-23 17:48:49,064 [INFO] Skipping NECROS - already has validated Twitch page
2025-03-23 17:48:49,064 [INFO] Processing ADAPT (31/962)...
2025-03-23 17:48:49,064 [INFO] Skipping ADAPT - already has validated Twitch page
2025-03-23 17:48:49,064 [INFO] Processing QUIN69 (32/962)...
2025-03-23 17:48:49,064 [INFO] Skipping QUIN69 - already has validated Twitch page
2025-03-23 17:48:49,064 [INFO] Processing CLIX (33/962)...
2025-03-23 17:48:49,064 [INFO] Skipping CLIX - already has validated Twitch page
2025-03-23 17:48:49,064 [INFO] Processing S1MPLE (34/962)...
2025-03-23 17:48:49,064 [INFO] Skipping S1MPLE - already has validated Twitch page
2025-03-23 17:48:49,064 [INFO] Processing TENZ (35/962)...
2025-03-23 17:48:49,064 [INFO] Skipping TENZ - already has validated Twitch page
2025-03-23 17:48:49,064 [INFO] Processing PIRATESOFTWARE (36/962)...
2025-03-23 17:48:49,064 [INFO] Skipping PIRATESOFTWARE - already has validated Twitch page
2025-03-23 17:48:49,064 [INFO] Processing EMONGG (37/962)...
2025-03-23 17:48:49,064 [INFO] Skipping EMONGG - already has validated Twitch page
2025-03-23 17:48:49,064 [INFO] Processing FANUM (38/962)...
2025-03-23 17:48:49,064 [INFO] Skipping FANUM - already has validated Twitch page
2025-03-23 17:48:49,064 [INFO] Processing ELAJJAZ (39/962)...
2025-03-23 17:48:49,064 [INFO] Skipping ELAJJAZ - already has validated Twitch page
2025-03-23 17:48:49,064 [INFO] Processing ARTEEZY (40/962)...
2025-03-23 17:48:49,064 [INFO] Skipping ARTEEZY - already has validated Twitch page
2025-03-23 17:48:49,064 [INFO] Processing FORSEN (41/962)...
2025-03-23 17:48:49,064 [INFO] Skipping FORSEN - already has validated Twitch page
2025-03-23 17:48:49,064 [INFO] Processing IRONMOUSE (42/962)...
2025-03-23 17:48:49,064 [INFO] Skipping IRONMOUSE - already has validated Twitch page
2025-03-23 17:48:49,064 [INFO] Processing SODAPOPPIN (43/962)...
2025-03-23 17:48:49,064 [INFO] Skipping SODAPOPPIN - already has validated Twitch page
2025-03-23 17:48:49,064 [INFO] Processing LUDWIG (44/962)...
2025-03-23 17:48:49,064 [INFO] Skipping LUDWIG - already has validated Twitch page
2025-03-23 17:48:49,064 [INFO] Processing ASPEN (45/962)...
2025-03-23 17:48:49,064 [INFO] Skipping ASPEN - already has validated Twitch page
2025-03-23 17:48:49,064 [INFO] Processing PONTIACMADEDDG (46/962)...
2025-03-23 17:48:49,064 [INFO] Skipping PONTIACMADEDDG - already has validated Twitch page
2025-03-23 17:48:49,064 [INFO] Processing LORD_KEBUN (47/962)...
2025-03-23 17:48:49,064 [INFO] Skipping LORD_KEBUN - already has validated Twitch page
2025-03-23 17:48:49,064 [INFO] Processing CINNA (48/962)...
2025-03-23 17:48:49,064 [INFO] Skipping CINNA - already has validated Twitch page
2025-03-23 17:48:49,064 [INFO] Processing NORTHERNLION (49/962)...
2025-03-23 17:48:49,064 [INFO] Skipping NORTHERNLION - already has validated Twitch page
2025-03-23 17:48:49,064 [INFO] Processing SUPERTF (50/962)...
2025-03-23 17:48:49,064 [INFO] Skipping SUPERTF - already has validated Twitch page
2025-03-23 17:48:49,064 [INFO] Processing MIRA (51/962)...
2025-03-23 17:48:49,064 [INFO] Skipping MIRA - already has validated Twitch page
2025-03-23 17:48:49,064 [INFO] Processing COHHCARNAGE (52/962)...
2025-03-23 17:48:49,064 [INFO] Skipping COHHCARNAGE - already has validated Twitch page
2025-03-23 17:48:49,064 [INFO] Processing QUICKYBABY (53/962)...
2025-03-23 17:48:49,064 [INFO] Skipping QUICKYBABY - already has validated Twitch page
2025-03-23 17:48:49,064 [INFO] Processing JERMA985 (54/962)...
2025-03-23 17:48:49,064 [INFO] Skipping JERMA985 - already has validated Twitch page
2025-03-23 17:48:49,064 [INFO] Processing SINATRAA (55/962)...
2025-03-23 17:48:49,064 [INFO] Skipping SINATRAA - already has validated Twitch page
2025-03-23 17:48:49,064 [INFO] Processing CDAWGVA (56/962)...
2025-03-23 17:48:49,064 [INFO] Skipping CDAWGVA - already has validated Twitch page
2025-03-23 17:48:49,064 [INFO] Processing GINGITV (57/962)...
2025-03-23 17:48:49,064 [INFO] Skipping GINGITV - already has validated Twitch page
2025-03-23 17:48:49,064 [INFO] Processing MAXIMILIAN_DOOD (58/962)...
2025-03-23 17:48:49,064 [INFO] Skipping MAXIMILIAN_DOOD - already has validated Twitch page
2025-03-23 17:48:49,064 [INFO] Processing IMPERIALHAL__ (59/962)...
2025-03-23 17:48:49,064 [INFO] Skipping IMPERIALHAL__ - already has validated Twitch page
2025-03-23 17:48:49,064 [INFO] Processing RDCGAMING (60/962)...
2025-03-23 17:48:49,064 [INFO] Skipping RDCGAMING - already has validated Twitch page
2025-03-23 17:48:49,064 [INFO] Processing PENTA (61/962)...
2025-03-23 17:48:49,064 [INFO] Skipping PENTA - already has validated Twitch page
2025-03-23 17:48:49,064 [INFO] Processing ANGRYGINGE13 (62/962)...
2025-03-23 17:48:49,064 [INFO] Skipping ANGRYGINGE13 - already has validated Twitch page
2025-03-23 17:48:49,064 [INFO] Processing WARFRAME (63/962)...
2025-03-23 17:48:49,064 [INFO] Skipping WARFRAME - already has validated Twitch page
2025-03-23 17:48:49,064 [INFO] Processing AGENT00 (64/962)...
2025-03-23 17:48:49,064 [INFO] Skipping AGENT00 - already has validated Twitch page
2025-03-23 17:48:49,064 [INFO] Processing MARVELRIVALS (65/962)...
2025-03-23 17:48:49,064 [INFO] Skipping MARVELRIVALS - already has validated Twitch page
2025-03-23 17:48:49,064 [INFO] Processing MOODA (66/962)...
2025-03-23 17:48:49,064 [INFO] Skipping MOODA - already has validated Twitch page
2025-03-23 17:48:49,064 [INFO] Processing XARYU (67/962)...
2025-03-23 17:48:49,064 [INFO] Skipping XARYU - already has validated Twitch page
2025-03-23 17:48:49,064 [INFO] Processing ZENTREYA (68/962)...
2025-03-23 17:48:49,064 [INFO] Skipping ZENTREYA - already has validated Twitch page
2025-03-23 17:48:49,064 [INFO] Processing SIMURGH (69/962)...
2025-03-23 17:48:49,064 [INFO] Skipping SIMURGH - already has validated Twitch page
2025-03-23 17:48:49,064 [INFO] Processing METHOD (70/962)...
2025-03-23 17:48:49,064 [INFO] Skipping METHOD - already has validated Twitch page
2025-03-23 17:48:49,064 [INFO] Processing REKKLES (71/962)...
2025-03-23 17:48:49,064 [INFO] Skipping REKKLES - already has validated Twitch page
2025-03-23 17:48:49,064 [INFO] Processing THEBURNTPEANUT (72/962)...
2025-03-23 17:48:49,064 [INFO] Trying direct Twitch URLs for THEBURNTPEANUT: ['theburntpeanut']
2025-03-23 17:48:49,064 [INFO] Waiting 1.35 seconds before accessing https://www.twitch.tv/theburntpeanut
2025-03-23 17:48:50,520 [INFO] No direct Twitch page found for THEBURNTPEANUT
2025-03-23 17:48:50,521 [INFO] Direct method failed for THEBURNTPEANUT, trying Google search...
2025-03-23 17:48:50,521 [INFO] Google search method - Waiting 4.27 seconds before searching (attempt 1)
2025-03-23 17:48:55,470 [WARNING] Google search error: 429 Client Error: Too Many Requests for url: https://www.google.com/sorry/index?continue=https://www.google.com/search%3Fq%3DTHEBURNTPEANUT%2Btwitch.tv%2Bchannel%26num%3D5%26hl%3Den%26start%3D0%26safe%3Dactive&hl=en&q=EgSAVH7gGMaDgr8GIjCSAna5qdPJeBkZ2DbVabJBo5a-AsjgEgKVrmKP0C-5xSglW_DABKVnWBfJ5O3OFdsyAnJSWgFD
2025-03-23 17:48:55,472 [INFO] Retrying Google search for THEBURNTPEANUT (attempt 2)
2025-03-23 17:48:55,472 [INFO] Google search method - Waiting 13.15 seconds before searching (attempt 2)
2025-03-23 17:49:09,160 [WARNING] Google search error: 429 Client Error: Too Many Requests for url: https://www.google.com/sorry/index?continue=https://www.google.com/search%3Fq%3DTHEBURNTPEANUT%2Btwitch.tv%2Bchannel%26num%3D5%26hl%3Den%26start%3D0%26safe%3Dactive&hl=en&q=EgSAVH7gGNSDgr8GIjAqgHcs-g5YYzuAHx-1-XelLZ9iiotH7md3Zqjdny7xyzIixlrcx2VcIsKvy7sKJRUyAnJSWgFD
2025-03-23 17:49:09,161 [INFO] Retrying Google search for THEBURNTPEANUT (attempt 3)
2025-03-23 17:49:09,162 [INFO] Google search method - Waiting 15.91 seconds before searching (attempt 3)
2025-03-23 17:49:25,784 [WARNING] Google search error: 429 Client Error: Too Many Requests for url: https://www.google.com/sorry/index?continue=https://www.google.com/search%3Fq%3DTHEBURNTPEANUT%2Btwitch.tv%2Bchannel%26num%3D5%26hl%3Den%26start%3D0%26safe%3Dactive&hl=en&q=EgSAVH7gGOWDgr8GIjDRhIFudwZe3L12MqM3oy4lTgk23GgqwmiBBZBnAaG9Zm_LbVA0jq4X7HBLlKF8vVYyAnJSWgFD
2025-03-23 17:49:25,786 [WARNING] Max retries reached for Google search method
2025-03-23 17:49:25,790 [INFO] Google search failed for THEBURNTPEANUT, trying Selenium...
2025-03-23 17:49:25,790 [INFO] Trying Selenium method for THEBURNTPEANUT
2025-03-23 17:49:28,394 [INFO] Selenium accessing https://www.twitch.tv/theburntpeanut
2025-03-23 17:49:36,195 [INFO] Found valid Twitch page via Selenium for THEBURNTPEANUT
2025-03-23 17:49:36,311 [INFO] Successfully validated Twitch page for THEBURNTPEANUT
2025-03-23 17:49:36,318 [INFO] Progress: 72/962 (7.5%) - Success rate: 100.0%
2025-03-23 17:49:36,318 [INFO] Elapsed time: 0.8 minutes - Est. remaining: 9.7 minutes
2025-03-23 17:49:36,319 [INFO] Waiting for 3.95 seconds before next streamer...
2025-03-23 17:49:40,273 [INFO] Processing FLATS (73/962)...
2025-03-23 17:49:40,275 [INFO] Trying direct Twitch URLs for FLATS: ['flats']
2025-03-23 17:49:40,275 [INFO] Waiting 1.56 seconds before accessing https://www.twitch.tv/flats
2025-03-23 17:49:41,978 [INFO] No direct Twitch page found for FLATS
2025-03-23 17:49:41,980 [INFO] Direct method failed for FLATS, trying Google search...
2025-03-23 17:49:41,981 [INFO] Google search method - Waiting 3.47 seconds before searching (attempt 1)
2025-03-23 17:49:46,018 [WARNING] Google search error: 429 Client Error: Too Many Requests for url: https://www.google.com/sorry/index?continue=https://www.google.com/search%3Fq%3DFLATS%2Btwitch.tv%2Bchannel%26num%3D5%26hl%3Den%26start%3D0%26safe%3Dactive&hl=en&q=EgSAVH7gGPmDgr8GIjDAOP7vZq6hzZKItnWm_BQRLKoeSKRooJa8b7shXhRK_xcZW9tHPyYpnHpbRCsTzJoyAnJSWgFD
2025-03-23 17:49:46,018 [INFO] Retrying Google search for FLATS (attempt 2)
2025-03-23 17:49:46,019 [INFO] Google search method - Waiting 11.33 seconds before searching (attempt 2)
2025-03-23 17:49:58,276 [WARNING] Google search error: 429 Client Error: Too Many Requests for url: https://www.google.com/sorry/index?continue=https://www.google.com/search%3Fq%3DFLATS%2Btwitch.tv%2Bchannel%26num%3D5%26hl%3Den%26start%3D0%26safe%3Dactive&hl=en&q=EgSAVH7gGIWEgr8GIjAB-cHdWkBztrjppcT-vSfN_-mz5EFgaduHXhnPAOrg6eugpKUYwLoH0Lp8fHxCAmEyAnJSWgFD
2025-03-23 17:49:58,278 [INFO] Retrying Google search for FLATS (attempt 3)
2025-03-23 17:49:58,278 [INFO] Google search method - Waiting 22.48 seconds before searching (attempt 3)
2025-03-23 17:50:21,318 [WARNING] Google search error: 429 Client Error: Too Many Requests for url: https://www.google.com/sorry/index?continue=https://www.google.com/search%3Fq%3DFLATS%2Btwitch.tv%2Bchannel%26num%3D5%26hl%3Den%26start%3D0%26safe%3Dactive&hl=en&q=EgSAVH7gGJyEgr8GIjBNyklNrxNH2_hnj7GaKdbXpN5QRJSxZD63GygHMUMcjsMU74PSr1rB9bPeKSy22I4yAnJSWgFD
2025-03-23 17:50:21,319 [WARNING] Max retries reached for Google search method
2025-03-23 17:50:21,321 [INFO] Google search failed for FLATS, trying Selenium...
2025-03-23 17:50:21,321 [INFO] Trying Selenium method for FLATS
2025-03-23 17:50:23,098 [INFO] Selenium accessing https://www.twitch.tv/flats
2025-03-23 17:50:30,862 [INFO] Found valid Twitch page via Selenium for FLATS
2025-03-23 17:50:31,047 [INFO] Successfully validated Twitch page for FLATS
2025-03-23 17:50:31,058 [INFO] Progress: 73/962 (7.6%) - Success rate: 100.0%
2025-03-23 17:50:31,058 [INFO] Elapsed time: 1.7 minutes - Est. remaining: 20.7 minutes
2025-03-23 17:50:31,058 [INFO] Waiting for 3.07 seconds before next streamer...
2025-03-23 17:50:34,133 [INFO] Processing LYDIAVIOLET (74/962)...
2025-03-23 17:50:34,134 [INFO] Trying direct Twitch URLs for LYDIAVIOLET: ['lydiaviolet']
2025-03-23 17:50:34,134 [INFO] Waiting 2.75 seconds before accessing https://www.twitch.tv/lydiaviolet
2025-03-23 17:50:36,995 [INFO] No direct Twitch page found for LYDIAVIOLET
2025-03-23 17:50:36,996 [INFO] Direct method failed for LYDIAVIOLET, trying Google search...
2025-03-23 17:50:36,996 [INFO] Google search method - Waiting 3.13 seconds before searching (attempt 1)
2025-03-23 17:50:40,920 [WARNING] Google search error: 429 Client Error: Too Many Requests for url: https://www.google.com/sorry/index?continue=https://www.google.com/search%3Fq%3DLYDIAVIOLET%2Btwitch.tv%2Bchannel%26num%3D5%26hl%3Den%26start%3D0%26safe%3Dactive&hl=en&q=EgSAVH7gGLCEgr8GIjCPkjsNR-OYWZhxoaciamBXrMStnhP8MAdR0GQc7M9Hia7ngQAeqN-PzPF3ViZhl2EyAnJSWgFD
2025-03-23 17:50:40,921 [INFO] Retrying Google search for LYDIAVIOLET (attempt 2)
2025-03-23 17:50:40,921 [INFO] Google search method - Waiting 10.95 seconds before searching (attempt 2)
2025-03-23 17:50:52,569 [WARNING] Google search error: 429 Client Error: Too Many Requests for url: https://www.google.com/sorry/index?continue=https://www.google.com/search%3Fq%3DLYDIAVIOLET%2Btwitch.tv%2Bchannel%26num%3D5%26hl%3Den%26start%3D0%26safe%3Dactive&hl=en&q=EgSAVH7gGLyEgr8GIjDH1Knt-v_wxk_ykhJH6aiAEZmDOuXxiH8axOWrL4wRgpjgS62Y2EmpcoR17FS3L7syAnJSWgFD
2025-03-23 17:50:52,570 [INFO] Retrying Google search for LYDIAVIOLET (attempt 3)
2025-03-23 17:50:52,570 [INFO] Google search method - Waiting 28.16 seconds before searching (attempt 3)
2025-03-23 17:50:55,061 [WARNING] 
Script interrupted by user.
2025-03-23 17:50:55,064 [INFO] Script finished at 2025-03-23 17:50:55
2025-03-23 17:50:55,064 [INFO] --------------------------------------------------
2025-03-23 17:53:17,217 [INFO] --------------------------------------------------
2025-03-23 17:53:17,217 [INFO] Starting Twitch scraper at 2025-03-23 17:53:17
2025-03-23 17:53:17,233 [INFO] Starting Twitch page scraping for 962 streamers
2025-03-23 17:53:17,233 [INFO] Found 73 already validated streamers in existing data
2025-03-23 17:53:17,233 [INFO] Processing KAICENAT (1/962)...
2025-03-23 17:53:17,233 [INFO] Skipping KAICENAT - already has validated Twitch page
2025-03-23 17:53:17,233 [INFO] Processing CAEDREL (2/962)...
2025-03-23 17:53:17,233 [INFO] Skipping CAEDREL - already has validated Twitch page
2025-03-23 17:53:17,233 [INFO] Processing ZACKRAWRR (3/962)...
2025-03-23 17:53:17,233 [INFO] Skipping ZACKRAWRR - already has validated Twitch page
2025-03-23 17:53:17,233 [INFO] Processing JYNXZI (4/962)...
2025-03-23 17:53:17,233 [INFO] Skipping JYNXZI - already has validated Twitch page
2025-03-23 17:53:17,233 [INFO] Processing HASANABI (5/962)...
2025-03-23 17:53:17,233 [INFO] Skipping HASANABI - already has validated Twitch page
2025-03-23 17:53:17,233 [INFO] Processing PLAQUEBOYMAX (6/962)...
2025-03-23 17:53:17,233 [INFO] Skipping PLAQUEBOYMAX - already has validated Twitch page
2025-03-23 17:53:17,233 [INFO] Processing CASEOH_ (7/962)...
2025-03-23 17:53:17,233 [INFO] Skipping CASEOH_ - already has validated Twitch page
2025-03-23 17:53:17,233 [INFO] Processing SUMMIT1G (8/962)...
2025-03-23 17:53:17,233 [INFO] Skipping SUMMIT1G - already has validated Twitch page
2025-03-23 17:53:17,233 [INFO] Processing MAXIMUM (9/962)...
2025-03-23 17:53:17,233 [INFO] Skipping MAXIMUM - already has validated Twitch page
2025-03-23 17:53:17,233 [INFO] Processing TIMTHETATMAN (10/962)...
2025-03-23 17:53:17,233 [INFO] Skipping TIMTHETATMAN - already has validated Twitch page
2025-03-23 17:53:17,233 [INFO] Processing LACY (11/962)...
2025-03-23 17:53:17,233 [INFO] Skipping LACY - already has validated Twitch page
2025-03-23 17:53:17,233 [INFO] Processing AMINEMATUE (12/962)...
2025-03-23 17:53:17,234 [INFO] Skipping AMINEMATUE - already has validated Twitch page
2025-03-23 17:53:17,234 [INFO] Processing PIKABOOIRL (13/962)...
2025-03-23 17:53:17,234 [INFO] Skipping PIKABOOIRL - already has validated Twitch page
2025-03-23 17:53:17,234 [INFO] Processing STABLERONALDO (14/962)...
2025-03-23 17:53:17,234 [INFO] Skipping STABLERONALDO - already has validated Twitch page
2025-03-23 17:53:17,234 [INFO] Processing XQC (15/962)...
2025-03-23 17:53:17,234 [INFO] Skipping XQC - already has validated Twitch page
2025-03-23 17:53:17,234 [INFO] Processing TARIK (16/962)...
2025-03-23 17:53:17,234 [INFO] Skipping TARIK - already has validated Twitch page
2025-03-23 17:53:17,234 [INFO] Processing OHNEPIXEL (17/962)...
2025-03-23 17:53:17,234 [INFO] Skipping OHNEPIXEL - already has validated Twitch page
2025-03-23 17:53:17,234 [INFO] Processing JASONTHEWEEN (18/962)...
2025-03-23 17:53:17,234 [INFO] Skipping JASONTHEWEEN - already has validated Twitch page
2025-03-23 17:53:17,234 [INFO] Processing YOURRAGEGAMING (19/962)...
2025-03-23 17:53:17,234 [INFO] Skipping YOURRAGEGAMING - already has validated Twitch page
2025-03-23 17:53:17,234 [INFO] Processing VALKYRAE (20/962)...
2025-03-23 17:53:17,234 [INFO] Skipping VALKYRAE - already has validated Twitch page
2025-03-23 17:53:17,234 [INFO] Processing MIZKIF (21/962)...
2025-03-23 17:53:17,234 [INFO] Skipping MIZKIF - already has validated Twitch page
2025-03-23 17:53:17,234 [INFO] Processing SHROUD (22/962)...
2025-03-23 17:53:17,234 [INFO] Skipping SHROUD - already has validated Twitch page
2025-03-23 17:53:17,234 [INFO] Processing LIRIK (23/962)...
2025-03-23 17:53:17,234 [INFO] Skipping LIRIK - already has validated Twitch page
2025-03-23 17:53:17,234 [INFO] Processing THEBAUSFFS (24/962)...
2025-03-23 17:53:17,234 [INFO] Skipping THEBAUSFFS - already has validated Twitch page
2025-03-23 17:53:17,234 [INFO] Processing GRUBBY (25/962)...
2025-03-23 17:53:17,234 [INFO] Skipping GRUBBY - already has validated Twitch page
2025-03-23 17:53:17,234 [INFO] Processing EMIRU (26/962)...
2025-03-23 17:53:17,234 [INFO] Skipping EMIRU - already has validated Twitch page
2025-03-23 17:53:17,234 [INFO] Processing GORGC (27/962)...
2025-03-23 17:53:17,234 [INFO] Skipping GORGC - already has validated Twitch page
2025-03-23 17:53:17,234 [INFO] Processing MOONMOON (28/962)...
2025-03-23 17:53:17,234 [INFO] Skipping MOONMOON - already has validated Twitch page
2025-03-23 17:53:17,234 [INFO] Processing LOLTYLER1 (29/962)...
2025-03-23 17:53:17,234 [INFO] Skipping LOLTYLER1 - already has validated Twitch page
2025-03-23 17:53:17,234 [INFO] Processing NECROS (30/962)...
2025-03-23 17:53:17,234 [INFO] Skipping NECROS - already has validated Twitch page
2025-03-23 17:53:17,234 [INFO] Processing ADAPT (31/962)...
2025-03-23 17:53:17,234 [INFO] Skipping ADAPT - already has validated Twitch page
2025-03-23 17:53:17,234 [INFO] Processing QUIN69 (32/962)...
2025-03-23 17:53:17,234 [INFO] Skipping QUIN69 - already has validated Twitch page
2025-03-23 17:53:17,234 [INFO] Processing CLIX (33/962)...
2025-03-23 17:53:17,234 [INFO] Skipping CLIX - already has validated Twitch page
2025-03-23 17:53:17,234 [INFO] Processing S1MPLE (34/962)...
2025-03-23 17:53:17,234 [INFO] Skipping S1MPLE - already has validated Twitch page
2025-03-23 17:53:17,234 [INFO] Processing TENZ (35/962)...
2025-03-23 17:53:17,234 [INFO] Skipping TENZ - already has validated Twitch page
2025-03-23 17:53:17,234 [INFO] Processing PIRATESOFTWARE (36/962)...
2025-03-23 17:53:17,234 [INFO] Skipping PIRATESOFTWARE - already has validated Twitch page
2025-03-23 17:53:17,234 [INFO] Processing EMONGG (37/962)...
2025-03-23 17:53:17,234 [INFO] Skipping EMONGG - already has validated Twitch page
2025-03-23 17:53:17,234 [INFO] Processing FANUM (38/962)...
2025-03-23 17:53:17,234 [INFO] Skipping FANUM - already has validated Twitch page
2025-03-23 17:53:17,234 [INFO] Processing ELAJJAZ (39/962)...
2025-03-23 17:53:17,234 [INFO] Skipping ELAJJAZ - already has validated Twitch page
2025-03-23 17:53:17,234 [INFO] Processing ARTEEZY (40/962)...
2025-03-23 17:53:17,234 [INFO] Skipping ARTEEZY - already has validated Twitch page
2025-03-23 17:53:17,234 [INFO] Processing FORSEN (41/962)...
2025-03-23 17:53:17,234 [INFO] Skipping FORSEN - already has validated Twitch page
2025-03-23 17:53:17,234 [INFO] Processing IRONMOUSE (42/962)...
2025-03-23 17:53:17,234 [INFO] Skipping IRONMOUSE - already has validated Twitch page
2025-03-23 17:53:17,234 [INFO] Processing SODAPOPPIN (43/962)...
2025-03-23 17:53:17,234 [INFO] Skipping SODAPOPPIN - already has validated Twitch page
2025-03-23 17:53:17,234 [INFO] Processing LUDWIG (44/962)...
2025-03-23 17:53:17,234 [INFO] Skipping LUDWIG - already has validated Twitch page
2025-03-23 17:53:17,234 [INFO] Processing ASPEN (45/962)...
2025-03-23 17:53:17,234 [INFO] Skipping ASPEN - already has validated Twitch page
2025-03-23 17:53:17,234 [INFO] Processing PONTIACMADEDDG (46/962)...
2025-03-23 17:53:17,234 [INFO] Skipping PONTIACMADEDDG - already has validated Twitch page
2025-03-23 17:53:17,234 [INFO] Processing LORD_KEBUN (47/962)...
2025-03-23 17:53:17,234 [INFO] Skipping LORD_KEBUN - already has validated Twitch page
2025-03-23 17:53:17,234 [INFO] Processing CINNA (48/962)...
2025-03-23 17:53:17,234 [INFO] Skipping CINNA - already has validated Twitch page
2025-03-23 17:53:17,234 [INFO] Processing NORTHERNLION (49/962)...
2025-03-23 17:53:17,234 [INFO] Skipping NORTHERNLION - already has validated Twitch page
2025-03-23 17:53:17,234 [INFO] Processing SUPERTF (50/962)...
2025-03-23 17:53:17,234 [INFO] Skipping SUPERTF - already has validated Twitch page
2025-03-23 17:53:17,234 [INFO] Processing MIRA (51/962)...
2025-03-23 17:53:17,234 [INFO] Skipping MIRA - already has validated Twitch page
2025-03-23 17:53:17,234 [INFO] Processing COHHCARNAGE (52/962)...
2025-03-23 17:53:17,234 [INFO] Skipping COHHCARNAGE - already has validated Twitch page
2025-03-23 17:53:17,234 [INFO] Processing QUICKYBABY (53/962)...
2025-03-23 17:53:17,234 [INFO] Skipping QUICKYBABY - already has validated Twitch page
2025-03-23 17:53:17,234 [INFO] Processing JERMA985 (54/962)...
2025-03-23 17:53:17,234 [INFO] Skipping JERMA985 - already has validated Twitch page
2025-03-23 17:53:17,234 [INFO] Processing SINATRAA (55/962)...
2025-03-23 17:53:17,234 [INFO] Skipping SINATRAA - already has validated Twitch page
2025-03-23 17:53:17,235 [INFO] Processing CDAWGVA (56/962)...
2025-03-23 17:53:17,235 [INFO] Skipping CDAWGVA - already has validated Twitch page
2025-03-23 17:53:17,235 [INFO] Processing GINGITV (57/962)...
2025-03-23 17:53:17,235 [INFO] Skipping GINGITV - already has validated Twitch page
2025-03-23 17:53:17,235 [INFO] Processing MAXIMILIAN_DOOD (58/962)...
2025-03-23 17:53:17,235 [INFO] Skipping MAXIMILIAN_DOOD - already has validated Twitch page
2025-03-23 17:53:17,235 [INFO] Processing IMPERIALHAL__ (59/962)...
2025-03-23 17:53:17,235 [INFO] Skipping IMPERIALHAL__ - already has validated Twitch page
2025-03-23 17:53:17,235 [INFO] Processing RDCGAMING (60/962)...
2025-03-23 17:53:17,235 [INFO] Skipping RDCGAMING - already has validated Twitch page
2025-03-23 17:53:17,235 [INFO] Processing PENTA (61/962)...
2025-03-23 17:53:17,235 [INFO] Skipping PENTA - already has validated Twitch page
2025-03-23 17:53:17,235 [INFO] Processing ANGRYGINGE13 (62/962)...
2025-03-23 17:53:17,235 [INFO] Skipping ANGRYGINGE13 - already has validated Twitch page
2025-03-23 17:53:17,235 [INFO] Processing WARFRAME (63/962)...
2025-03-23 17:53:17,235 [INFO] Skipping WARFRAME - already has validated Twitch page
2025-03-23 17:53:17,235 [INFO] Processing AGENT00 (64/962)...
2025-03-23 17:53:17,235 [INFO] Skipping AGENT00 - already has validated Twitch page
2025-03-23 17:53:17,235 [INFO] Processing MARVELRIVALS (65/962)...
2025-03-23 17:53:17,235 [INFO] Skipping MARVELRIVALS - already has validated Twitch page
2025-03-23 17:53:17,235 [INFO] Processing MOODA (66/962)...
2025-03-23 17:53:17,235 [INFO] Skipping MOODA - already has validated Twitch page
2025-03-23 17:53:17,235 [INFO] Processing XARYU (67/962)...
2025-03-23 17:53:17,235 [INFO] Skipping XARYU - already has validated Twitch page
2025-03-23 17:53:17,235 [INFO] Processing ZENTREYA (68/962)...
2025-03-23 17:53:17,235 [INFO] Skipping ZENTREYA - already has validated Twitch page
2025-03-23 17:53:17,235 [INFO] Processing SIMURGH (69/962)...
2025-03-23 17:53:17,235 [INFO] Skipping SIMURGH - already has validated Twitch page
2025-03-23 17:53:17,235 [INFO] Processing METHOD (70/962)...
2025-03-23 17:53:17,235 [INFO] Skipping METHOD - already has validated Twitch page
2025-03-23 17:53:17,235 [INFO] Processing REKKLES (71/962)...
2025-03-23 17:53:17,235 [INFO] Skipping REKKLES - already has validated Twitch page
2025-03-23 17:53:17,235 [INFO] Processing THEBURNTPEANUT (72/962)...
2025-03-23 17:53:17,235 [INFO] Skipping THEBURNTPEANUT - already has validated Twitch page
2025-03-23 17:53:17,235 [INFO] Processing FLATS (73/962)...
2025-03-23 17:53:17,235 [INFO] Skipping FLATS - already has validated Twitch page
2025-03-23 17:53:17,235 [INFO] Processing LYDIAVIOLET (74/962)...
2025-03-23 17:53:17,235 [ERROR] Unexpected error: name 'possible_usernames' is not defined
Traceback (most recent call last):
  File "/Users/ehfurgeson/Documents/GitHub/stream-finder/twitch_page_finder.py", line 406, in <module>
    scrape_twitch_pages()
  File "/Users/ehfurgeson/Documents/GitHub/stream-finder/twitch_page_finder.py", line 331, in scrape_twitch_pages
    twitch_result = fetch_twitch_page_direct(streamer)
                    ^^^^^^^^^^^^^^^^^^^^^^^^^^^^^^^^^^
  File "/Users/ehfurgeson/Documents/GitHub/stream-finder/twitch_page_finder.py", line 110, in fetch_twitch_page_direct
    for username in possible_usernames:
                    ^^^^^^^^^^^^^^^^^^
NameError: name 'possible_usernames' is not defined
2025-03-23 17:53:17,237 [INFO] Script finished at 2025-03-23 17:53:17
2025-03-23 17:53:17,237 [INFO] --------------------------------------------------
2025-03-23 17:54:26,089 [INFO] --------------------------------------------------
2025-03-23 17:54:26,089 [INFO] Starting Twitch scraper at 2025-03-23 17:54:26
2025-03-23 17:54:26,105 [INFO] Starting Twitch page scraping for 962 streamers
2025-03-23 17:54:26,105 [INFO] Found 73 already validated streamers in existing data
2025-03-23 17:54:26,106 [INFO] Processing KAICENAT (1/962)...
2025-03-23 17:54:26,106 [INFO] Skipping KAICENAT - already has validated Twitch page
2025-03-23 17:54:26,106 [INFO] Processing CAEDREL (2/962)...
2025-03-23 17:54:26,106 [INFO] Skipping CAEDREL - already has validated Twitch page
2025-03-23 17:54:26,106 [INFO] Processing ZACKRAWRR (3/962)...
2025-03-23 17:54:26,106 [INFO] Skipping ZACKRAWRR - already has validated Twitch page
2025-03-23 17:54:26,106 [INFO] Processing JYNXZI (4/962)...
2025-03-23 17:54:26,106 [INFO] Skipping JYNXZI - already has validated Twitch page
2025-03-23 17:54:26,106 [INFO] Processing HASANABI (5/962)...
2025-03-23 17:54:26,106 [INFO] Skipping HASANABI - already has validated Twitch page
2025-03-23 17:54:26,106 [INFO] Processing PLAQUEBOYMAX (6/962)...
2025-03-23 17:54:26,106 [INFO] Skipping PLAQUEBOYMAX - already has validated Twitch page
2025-03-23 17:54:26,106 [INFO] Processing CASEOH_ (7/962)...
2025-03-23 17:54:26,106 [INFO] Skipping CASEOH_ - already has validated Twitch page
2025-03-23 17:54:26,106 [INFO] Processing SUMMIT1G (8/962)...
2025-03-23 17:54:26,106 [INFO] Skipping SUMMIT1G - already has validated Twitch page
2025-03-23 17:54:26,106 [INFO] Processing MAXIMUM (9/962)...
2025-03-23 17:54:26,106 [INFO] Skipping MAXIMUM - already has validated Twitch page
2025-03-23 17:54:26,106 [INFO] Processing TIMTHETATMAN (10/962)...
2025-03-23 17:54:26,106 [INFO] Skipping TIMTHETATMAN - already has validated Twitch page
2025-03-23 17:54:26,106 [INFO] Processing LACY (11/962)...
2025-03-23 17:54:26,106 [INFO] Skipping LACY - already has validated Twitch page
2025-03-23 17:54:26,106 [INFO] Processing AMINEMATUE (12/962)...
2025-03-23 17:54:26,106 [INFO] Skipping AMINEMATUE - already has validated Twitch page
2025-03-23 17:54:26,106 [INFO] Processing PIKABOOIRL (13/962)...
2025-03-23 17:54:26,106 [INFO] Skipping PIKABOOIRL - already has validated Twitch page
2025-03-23 17:54:26,106 [INFO] Processing STABLERONALDO (14/962)...
2025-03-23 17:54:26,106 [INFO] Skipping STABLERONALDO - already has validated Twitch page
2025-03-23 17:54:26,106 [INFO] Processing XQC (15/962)...
2025-03-23 17:54:26,106 [INFO] Skipping XQC - already has validated Twitch page
2025-03-23 17:54:26,106 [INFO] Processing TARIK (16/962)...
2025-03-23 17:54:26,106 [INFO] Skipping TARIK - already has validated Twitch page
2025-03-23 17:54:26,106 [INFO] Processing OHNEPIXEL (17/962)...
2025-03-23 17:54:26,106 [INFO] Skipping OHNEPIXEL - already has validated Twitch page
2025-03-23 17:54:26,106 [INFO] Processing JASONTHEWEEN (18/962)...
2025-03-23 17:54:26,106 [INFO] Skipping JASONTHEWEEN - already has validated Twitch page
2025-03-23 17:54:26,106 [INFO] Processing YOURRAGEGAMING (19/962)...
2025-03-23 17:54:26,106 [INFO] Skipping YOURRAGEGAMING - already has validated Twitch page
2025-03-23 17:54:26,106 [INFO] Processing VALKYRAE (20/962)...
2025-03-23 17:54:26,106 [INFO] Skipping VALKYRAE - already has validated Twitch page
2025-03-23 17:54:26,106 [INFO] Processing MIZKIF (21/962)...
2025-03-23 17:54:26,106 [INFO] Skipping MIZKIF - already has validated Twitch page
2025-03-23 17:54:26,106 [INFO] Processing SHROUD (22/962)...
2025-03-23 17:54:26,106 [INFO] Skipping SHROUD - already has validated Twitch page
2025-03-23 17:54:26,106 [INFO] Processing LIRIK (23/962)...
2025-03-23 17:54:26,106 [INFO] Skipping LIRIK - already has validated Twitch page
2025-03-23 17:54:26,106 [INFO] Processing THEBAUSFFS (24/962)...
2025-03-23 17:54:26,106 [INFO] Skipping THEBAUSFFS - already has validated Twitch page
2025-03-23 17:54:26,106 [INFO] Processing GRUBBY (25/962)...
2025-03-23 17:54:26,106 [INFO] Skipping GRUBBY - already has validated Twitch page
2025-03-23 17:54:26,106 [INFO] Processing EMIRU (26/962)...
2025-03-23 17:54:26,106 [INFO] Skipping EMIRU - already has validated Twitch page
2025-03-23 17:54:26,107 [INFO] Processing GORGC (27/962)...
2025-03-23 17:54:26,107 [INFO] Skipping GORGC - already has validated Twitch page
2025-03-23 17:54:26,107 [INFO] Processing MOONMOON (28/962)...
2025-03-23 17:54:26,107 [INFO] Skipping MOONMOON - already has validated Twitch page
2025-03-23 17:54:26,107 [INFO] Processing LOLTYLER1 (29/962)...
2025-03-23 17:54:26,107 [INFO] Skipping LOLTYLER1 - already has validated Twitch page
2025-03-23 17:54:26,107 [INFO] Processing NECROS (30/962)...
2025-03-23 17:54:26,107 [INFO] Skipping NECROS - already has validated Twitch page
2025-03-23 17:54:26,107 [INFO] Processing ADAPT (31/962)...
2025-03-23 17:54:26,107 [INFO] Skipping ADAPT - already has validated Twitch page
2025-03-23 17:54:26,107 [INFO] Processing QUIN69 (32/962)...
2025-03-23 17:54:26,107 [INFO] Skipping QUIN69 - already has validated Twitch page
2025-03-23 17:54:26,107 [INFO] Processing CLIX (33/962)...
2025-03-23 17:54:26,107 [INFO] Skipping CLIX - already has validated Twitch page
2025-03-23 17:54:26,107 [INFO] Processing S1MPLE (34/962)...
2025-03-23 17:54:26,108 [INFO] Skipping S1MPLE - already has validated Twitch page
2025-03-23 17:54:26,108 [INFO] Processing TENZ (35/962)...
2025-03-23 17:54:26,108 [INFO] Skipping TENZ - already has validated Twitch page
2025-03-23 17:54:26,108 [INFO] Processing PIRATESOFTWARE (36/962)...
2025-03-23 17:54:26,108 [INFO] Skipping PIRATESOFTWARE - already has validated Twitch page
2025-03-23 17:54:26,108 [INFO] Processing EMONGG (37/962)...
2025-03-23 17:54:26,108 [INFO] Skipping EMONGG - already has validated Twitch page
2025-03-23 17:54:26,108 [INFO] Processing FANUM (38/962)...
2025-03-23 17:54:26,108 [INFO] Skipping FANUM - already has validated Twitch page
2025-03-23 17:54:26,108 [INFO] Processing ELAJJAZ (39/962)...
2025-03-23 17:54:26,109 [INFO] Skipping ELAJJAZ - already has validated Twitch page
2025-03-23 17:54:26,109 [INFO] Processing ARTEEZY (40/962)...
2025-03-23 17:54:26,109 [INFO] Skipping ARTEEZY - already has validated Twitch page
2025-03-23 17:54:26,109 [INFO] Processing FORSEN (41/962)...
2025-03-23 17:54:26,109 [INFO] Skipping FORSEN - already has validated Twitch page
2025-03-23 17:54:26,109 [INFO] Processing IRONMOUSE (42/962)...
2025-03-23 17:54:26,109 [INFO] Skipping IRONMOUSE - already has validated Twitch page
2025-03-23 17:54:26,109 [INFO] Processing SODAPOPPIN (43/962)...
2025-03-23 17:54:26,109 [INFO] Skipping SODAPOPPIN - already has validated Twitch page
2025-03-23 17:54:26,109 [INFO] Processing LUDWIG (44/962)...
2025-03-23 17:54:26,109 [INFO] Skipping LUDWIG - already has validated Twitch page
2025-03-23 17:54:26,109 [INFO] Processing ASPEN (45/962)...
2025-03-23 17:54:26,109 [INFO] Skipping ASPEN - already has validated Twitch page
2025-03-23 17:54:26,109 [INFO] Processing PONTIACMADEDDG (46/962)...
2025-03-23 17:54:26,109 [INFO] Skipping PONTIACMADEDDG - already has validated Twitch page
2025-03-23 17:54:26,109 [INFO] Processing LORD_KEBUN (47/962)...
2025-03-23 17:54:26,109 [INFO] Skipping LORD_KEBUN - already has validated Twitch page
2025-03-23 17:54:26,109 [INFO] Processing CINNA (48/962)...
2025-03-23 17:54:26,109 [INFO] Skipping CINNA - already has validated Twitch page
2025-03-23 17:54:26,109 [INFO] Processing NORTHERNLION (49/962)...
2025-03-23 17:54:26,109 [INFO] Skipping NORTHERNLION - already has validated Twitch page
2025-03-23 17:54:26,109 [INFO] Processing SUPERTF (50/962)...
2025-03-23 17:54:26,109 [INFO] Skipping SUPERTF - already has validated Twitch page
2025-03-23 17:54:26,109 [INFO] Processing MIRA (51/962)...
2025-03-23 17:54:26,109 [INFO] Skipping MIRA - already has validated Twitch page
2025-03-23 17:54:26,109 [INFO] Processing COHHCARNAGE (52/962)...
2025-03-23 17:54:26,109 [INFO] Skipping COHHCARNAGE - already has validated Twitch page
2025-03-23 17:54:26,109 [INFO] Processing QUICKYBABY (53/962)...
2025-03-23 17:54:26,109 [INFO] Skipping QUICKYBABY - already has validated Twitch page
2025-03-23 17:54:26,109 [INFO] Processing JERMA985 (54/962)...
2025-03-23 17:54:26,109 [INFO] Skipping JERMA985 - already has validated Twitch page
2025-03-23 17:54:26,109 [INFO] Processing SINATRAA (55/962)...
2025-03-23 17:54:26,109 [INFO] Skipping SINATRAA - already has validated Twitch page
2025-03-23 17:54:26,109 [INFO] Processing CDAWGVA (56/962)...
2025-03-23 17:54:26,109 [INFO] Skipping CDAWGVA - already has validated Twitch page
2025-03-23 17:54:26,109 [INFO] Processing GINGITV (57/962)...
2025-03-23 17:54:26,109 [INFO] Skipping GINGITV - already has validated Twitch page
2025-03-23 17:54:26,109 [INFO] Processing MAXIMILIAN_DOOD (58/962)...
2025-03-23 17:54:26,109 [INFO] Skipping MAXIMILIAN_DOOD - already has validated Twitch page
2025-03-23 17:54:26,109 [INFO] Processing IMPERIALHAL__ (59/962)...
2025-03-23 17:54:26,109 [INFO] Skipping IMPERIALHAL__ - already has validated Twitch page
2025-03-23 17:54:26,109 [INFO] Processing RDCGAMING (60/962)...
2025-03-23 17:54:26,109 [INFO] Skipping RDCGAMING - already has validated Twitch page
2025-03-23 17:54:26,109 [INFO] Processing PENTA (61/962)...
2025-03-23 17:54:26,109 [INFO] Skipping PENTA - already has validated Twitch page
2025-03-23 17:54:26,109 [INFO] Processing ANGRYGINGE13 (62/962)...
2025-03-23 17:54:26,109 [INFO] Skipping ANGRYGINGE13 - already has validated Twitch page
2025-03-23 17:54:26,109 [INFO] Processing WARFRAME (63/962)...
2025-03-23 17:54:26,109 [INFO] Skipping WARFRAME - already has validated Twitch page
2025-03-23 17:54:26,109 [INFO] Processing AGENT00 (64/962)...
2025-03-23 17:54:26,109 [INFO] Skipping AGENT00 - already has validated Twitch page
2025-03-23 17:54:26,109 [INFO] Processing MARVELRIVALS (65/962)...
2025-03-23 17:54:26,109 [INFO] Skipping MARVELRIVALS - already has validated Twitch page
2025-03-23 17:54:26,109 [INFO] Processing MOODA (66/962)...
2025-03-23 17:54:26,109 [INFO] Skipping MOODA - already has validated Twitch page
2025-03-23 17:54:26,109 [INFO] Processing XARYU (67/962)...
2025-03-23 17:54:26,109 [INFO] Skipping XARYU - already has validated Twitch page
2025-03-23 17:54:26,109 [INFO] Processing ZENTREYA (68/962)...
2025-03-23 17:54:26,109 [INFO] Skipping ZENTREYA - already has validated Twitch page
2025-03-23 17:54:26,109 [INFO] Processing SIMURGH (69/962)...
2025-03-23 17:54:26,109 [INFO] Skipping SIMURGH - already has validated Twitch page
2025-03-23 17:54:26,109 [INFO] Processing METHOD (70/962)...
2025-03-23 17:54:26,109 [INFO] Skipping METHOD - already has validated Twitch page
2025-03-23 17:54:26,109 [INFO] Processing REKKLES (71/962)...
2025-03-23 17:54:26,109 [INFO] Skipping REKKLES - already has validated Twitch page
2025-03-23 17:54:26,109 [INFO] Processing THEBURNTPEANUT (72/962)...
2025-03-23 17:54:26,109 [INFO] Skipping THEBURNTPEANUT - already has validated Twitch page
2025-03-23 17:54:26,109 [INFO] Processing FLATS (73/962)...
2025-03-23 17:54:26,109 [INFO] Skipping FLATS - already has validated Twitch page
2025-03-23 17:54:26,109 [INFO] Processing LYDIAVIOLET (74/962)...
2025-03-23 17:54:26,110 [INFO] Trying direct URL: https://www.twitch.tv/lydiaviolet
2025-03-23 17:54:26,190 [INFO] Response status: 200 for https://www.twitch.tv/lydiaviolet
2025-03-23 17:54:26,192 [INFO] Found Twitch page for LYDIAVIOLET at https://www.twitch.tv/lydiaviolet
2025-03-23 17:54:26,192 [INFO] Successfully validated Twitch page for LYDIAVIOLET
2025-03-23 17:54:26,199 [INFO] Progress: 74/962 (7.7%) - Success rate: 100.0%
2025-03-23 17:54:26,199 [INFO] Elapsed time: 0.0 minutes - Est. remaining: 0.0 minutes
2025-03-23 17:54:26,199 [INFO] Waiting for 3.76 seconds before next streamer...
2025-03-23 17:54:29,957 [INFO] Processing BARBAROUSKING (75/962)...
2025-03-23 17:54:29,959 [INFO] Trying direct URL: https://www.twitch.tv/barbarousking
2025-03-23 17:54:30,068 [INFO] Response status: 200 for https://www.twitch.tv/barbarousking
2025-03-23 17:54:30,072 [INFO] Found Twitch page for BARBAROUSKING at https://www.twitch.tv/barbarousking
2025-03-23 17:54:30,072 [INFO] Successfully validated Twitch page for BARBAROUSKING
2025-03-23 17:54:30,091 [INFO] Progress: 75/962 (7.8%) - Success rate: 100.0%
2025-03-23 17:54:30,091 [INFO] Elapsed time: 0.1 minutes - Est. remaining: 0.8 minutes
2025-03-23 17:54:30,091 [INFO] Waiting for 2.79 seconds before next streamer...
2025-03-23 17:54:32,885 [INFO] Processing LOL_NEMESIS (76/962)...
2025-03-23 17:54:32,888 [INFO] Trying direct URL: https://www.twitch.tv/lolnemesis
2025-03-23 17:54:33,051 [INFO] Response status: 200 for https://www.twitch.tv/lolnemesis
2025-03-23 17:54:33,056 [INFO] Found Twitch page for LOL_NEMESIS at https://www.twitch.tv/lolnemesis
2025-03-23 17:54:33,057 [INFO] Successfully validated Twitch page for LOL_NEMESIS
2025-03-23 17:54:33,072 [INFO] Progress: 76/962 (7.9%) - Success rate: 100.0%
2025-03-23 17:54:33,072 [INFO] Elapsed time: 0.1 minutes - Est. remaining: 1.4 minutes
2025-03-23 17:54:33,072 [INFO] Waiting for 5.38 seconds before next streamer...
2025-03-23 17:54:38,461 [INFO] Processing PAYMONEYWUBBY (77/962)...
2025-03-23 17:54:38,462 [INFO] Trying direct URL: https://www.twitch.tv/paymoneywubby
2025-03-23 17:54:38,549 [INFO] Response status: 200 for https://www.twitch.tv/paymoneywubby
2025-03-23 17:54:38,562 [INFO] Found Twitch page for PAYMONEYWUBBY at https://www.twitch.tv/paymoneywubby
2025-03-23 17:54:38,563 [INFO] Successfully validated Twitch page for PAYMONEYWUBBY
2025-03-23 17:54:38,578 [INFO] Progress: 77/962 (8.0%) - Success rate: 100.0%
2025-03-23 17:54:38,579 [INFO] Elapsed time: 0.2 minutes - Est. remaining: 2.4 minutes
2025-03-23 17:54:38,579 [INFO] Waiting for 3.26 seconds before next streamer...
2025-03-23 17:54:41,840 [INFO] Processing ITSSPOIT (78/962)...
2025-03-23 17:54:41,842 [INFO] Trying direct URL: https://www.twitch.tv/itsspoit
2025-03-23 17:54:41,944 [INFO] Response status: 200 for https://www.twitch.tv/itsspoit
2025-03-23 17:54:41,951 [INFO] Found Twitch page for ITSSPOIT at https://www.twitch.tv/itsspoit
2025-03-23 17:54:41,951 [INFO] Successfully validated Twitch page for ITSSPOIT
2025-03-23 17:54:41,967 [INFO] Progress: 78/962 (8.1%) - Success rate: 100.0%
2025-03-23 17:54:41,967 [INFO] Elapsed time: 0.3 minutes - Est. remaining: 3.0 minutes
2025-03-23 17:54:41,967 [INFO] Waiting for 2.78 seconds before next streamer...
2025-03-23 17:54:44,751 [INFO] Processing TUBBO (79/962)...
2025-03-23 17:54:44,753 [INFO] Trying direct URL: https://www.twitch.tv/tubbo
2025-03-23 17:54:44,843 [INFO] Response status: 200 for https://www.twitch.tv/tubbo
2025-03-23 17:54:44,851 [INFO] Found Twitch page for TUBBO at https://www.twitch.tv/tubbo
2025-03-23 17:54:44,852 [INFO] Successfully validated Twitch page for TUBBO
2025-03-23 17:54:44,865 [INFO] Progress: 79/962 (8.2%) - Success rate: 100.0%
2025-03-23 17:54:44,865 [INFO] Elapsed time: 0.3 minutes - Est. remaining: 3.5 minutes
2025-03-23 17:54:44,865 [INFO] Waiting for 4.96 seconds before next streamer...
2025-03-23 17:54:49,830 [INFO] Processing FAXUTY (80/962)...
2025-03-23 17:54:49,831 [INFO] Trying direct URL: https://www.twitch.tv/faxuty
2025-03-23 17:54:49,903 [INFO] Response status: 200 for https://www.twitch.tv/faxuty
2025-03-23 17:54:49,921 [INFO] Found Twitch page for FAXUTY at https://www.twitch.tv/faxuty
2025-03-23 17:54:49,921 [INFO] Successfully validated Twitch page for FAXUTY
2025-03-23 17:54:49,931 [INFO] Progress: 80/962 (8.3%) - Success rate: 100.0%
2025-03-23 17:54:49,931 [INFO] Elapsed time: 0.4 minutes - Est. remaining: 4.4 minutes
2025-03-23 17:54:49,940 [INFO] Created backup at filtered_twitchpage.json.backup
2025-03-23 17:54:49,940 [INFO] Waiting for 6.24 seconds before next streamer...
2025-03-23 17:54:56,082 [WARNING] 
Script interrupted by user.
2025-03-23 17:54:56,084 [INFO] Script finished at 2025-03-23 17:54:56
2025-03-23 17:54:56,084 [INFO] --------------------------------------------------
